LAPTOP-SL60EDSS.localdomain
*** Reading local file: /home/komatsu/airflow/logs/dag_id=flow_riskthinking_stock_market/run_id=manual__2023-05-26T16:29:16.772982+00:00/task_id=job_feature_engineering_op/attempt=1.log
[2023-05-26 12:33:06,537] {taskinstance.py:1159} INFO - Dependencies all met for <TaskInstance: flow_riskthinking_stock_market.job_feature_engineering_op manual__2023-05-26T16:29:16.772982+00:00 [queued]>
[2023-05-26 12:33:06,544] {taskinstance.py:1159} INFO - Dependencies all met for <TaskInstance: flow_riskthinking_stock_market.job_feature_engineering_op manual__2023-05-26T16:29:16.772982+00:00 [queued]>
[2023-05-26 12:33:06,544] {taskinstance.py:1356} INFO - 
--------------------------------------------------------------------------------
[2023-05-26 12:33:06,544] {taskinstance.py:1357} INFO - Starting attempt 1 of 2
[2023-05-26 12:33:06,544] {taskinstance.py:1358} INFO - 
--------------------------------------------------------------------------------
[2023-05-26 12:33:06,882] {taskinstance.py:1377} INFO - Executing <Task(_PythonDecoratedOperator): job_feature_engineering_op> on 2023-05-26 16:29:16.772982+00:00
[2023-05-26 12:33:06,887] {standard_task_runner.py:52} INFO - Started process 12312 to run task
[2023-05-26 12:33:06,890] {standard_task_runner.py:79} INFO - Running: ['airflow', 'tasks', 'run', 'flow_riskthinking_stock_market', 'job_feature_engineering_op', 'manual__2023-05-26T16:29:16.772982+00:00', '--job-id', '1170', '--raw', '--subdir', 'DAGS_FOLDER/riskthinking/flows/flow_riskthinking_stock_market.py', '--cfg-path', '/tmp/tmp9oilegvz', '--error-file', '/tmp/tmpzu3kn329']
[2023-05-26 12:33:06,891] {standard_task_runner.py:80} INFO - Job 1170: Subtask job_feature_engineering_op
[2023-05-26 12:33:07,328] {task_command.py:370} INFO - Running <TaskInstance: flow_riskthinking_stock_market.job_feature_engineering_op manual__2023-05-26T16:29:16.772982+00:00 [running]> on host LAPTOP-SL60EDSS.localdomain
[2023-05-26 12:33:08,367] {taskinstance.py:1569} INFO - Exporting the following env vars:
AIRFLOW_CTX_DAG_OWNER=Pedro Duque
AIRFLOW_CTX_DAG_ID=flow_riskthinking_stock_market
AIRFLOW_CTX_TASK_ID=job_feature_engineering_op
AIRFLOW_CTX_EXECUTION_DATE=2023-05-26T16:29:16.772982+00:00
AIRFLOW_CTX_TRY_NUMBER=1
AIRFLOW_CTX_DAG_RUN_ID=manual__2023-05-26T16:29:16.772982+00:00
[2023-05-26 12:34:52,098] {python.py:173} INFO - Done. Returned value was: {'Path': 'data/stage/stock_market', 'status': True}
[2023-05-26 12:34:53,348] {taskinstance.py:1395} INFO - Marking task as SUCCESS. dag_id=flow_riskthinking_stock_market, task_id=job_feature_engineering_op, execution_date=20230526T162916, start_date=20230526T163306, end_date=20230526T163453
[2023-05-26 12:34:53,868] {local_task_job.py:156} INFO - Task exited with return code 0
[2023-05-26 12:34:54,370] {local_task_job.py:273} INFO - 1 downstream tasks scheduled from follow-on schedule check

