LAPTOP-SL60EDSS.localdomain
*** Reading local file: /home/komatsu/airflow/logs/dag_id=flow_riskthinking_stock_market/run_id=manual__2023-05-26T16:29:16.772982+00:00/task_id=job_extract_dataset_metadata_op/attempt=1.log
[2023-05-26 12:29:21,765] {taskinstance.py:1159} INFO - Dependencies all met for <TaskInstance: flow_riskthinking_stock_market.job_extract_dataset_metadata_op manual__2023-05-26T16:29:16.772982+00:00 [queued]>
[2023-05-26 12:29:21,771] {taskinstance.py:1159} INFO - Dependencies all met for <TaskInstance: flow_riskthinking_stock_market.job_extract_dataset_metadata_op manual__2023-05-26T16:29:16.772982+00:00 [queued]>
[2023-05-26 12:29:21,771] {taskinstance.py:1356} INFO - 
--------------------------------------------------------------------------------
[2023-05-26 12:29:21,771] {taskinstance.py:1357} INFO - Starting attempt 1 of 2
[2023-05-26 12:29:21,771] {taskinstance.py:1358} INFO - 
--------------------------------------------------------------------------------
[2023-05-26 12:29:22,108] {taskinstance.py:1377} INFO - Executing <Task(_PythonDecoratedOperator): job_extract_dataset_metadata_op> on 2023-05-26 16:29:16.772982+00:00
[2023-05-26 12:29:22,122] {standard_task_runner.py:52} INFO - Started process 8612 to run task
[2023-05-26 12:29:22,128] {standard_task_runner.py:79} INFO - Running: ['airflow', 'tasks', 'run', 'flow_riskthinking_stock_market', 'job_extract_dataset_metadata_op', 'manual__2023-05-26T16:29:16.772982+00:00', '--job-id', '1167', '--raw', '--subdir', 'DAGS_FOLDER/riskthinking/flows/flow_riskthinking_stock_market.py', '--cfg-path', '/tmp/tmpzzudj6la', '--error-file', '/tmp/tmpo2ol8uha']
[2023-05-26 12:29:22,129] {standard_task_runner.py:80} INFO - Job 1167: Subtask job_extract_dataset_metadata_op
[2023-05-26 12:29:22,662] {task_command.py:370} INFO - Running <TaskInstance: flow_riskthinking_stock_market.job_extract_dataset_metadata_op manual__2023-05-26T16:29:16.772982+00:00 [running]> on host LAPTOP-SL60EDSS.localdomain
[2023-05-26 12:29:23,567] {taskinstance.py:1569} INFO - Exporting the following env vars:
AIRFLOW_CTX_DAG_OWNER=Pedro Duque
AIRFLOW_CTX_DAG_ID=flow_riskthinking_stock_market
AIRFLOW_CTX_TASK_ID=job_extract_dataset_metadata_op
AIRFLOW_CTX_EXECUTION_DATE=2023-05-26T16:29:16.772982+00:00
AIRFLOW_CTX_TRY_NUMBER=1
AIRFLOW_CTX_DAG_RUN_ID=manual__2023-05-26T16:29:16.772982+00:00
[2023-05-26 12:29:24,003] {python.py:173} INFO - Done. Returned value was: None
[2023-05-26 12:29:24,543] {taskinstance.py:1395} INFO - Marking task as SUCCESS. dag_id=flow_riskthinking_stock_market, task_id=job_extract_dataset_metadata_op, execution_date=20230526T162916, start_date=20230526T162921, end_date=20230526T162924
[2023-05-26 12:29:24,960] {local_task_job.py:156} INFO - Task exited with return code 0
[2023-05-26 12:29:25,410] {local_task_job.py:273} INFO - 1 downstream tasks scheduled from follow-on schedule check

