LAPTOP-SL60EDSS.localdomain
*** Reading local file: /home/komatsu/airflow/logs/dag_id=flow_riskthinking_stock_market/run_id=manual__2023-05-26T16:29:16.772982+00:00/task_id=job_integrate_ml_op/attempt=1.log
[2023-05-26 12:35:01,376] {taskinstance.py:1159} INFO - Dependencies all met for <TaskInstance: flow_riskthinking_stock_market.job_integrate_ml_op manual__2023-05-26T16:29:16.772982+00:00 [queued]>
[2023-05-26 12:35:01,381] {taskinstance.py:1159} INFO - Dependencies all met for <TaskInstance: flow_riskthinking_stock_market.job_integrate_ml_op manual__2023-05-26T16:29:16.772982+00:00 [queued]>
[2023-05-26 12:35:01,381] {taskinstance.py:1356} INFO - 
--------------------------------------------------------------------------------
[2023-05-26 12:35:01,381] {taskinstance.py:1357} INFO - Starting attempt 1 of 2
[2023-05-26 12:35:01,381] {taskinstance.py:1358} INFO - 
--------------------------------------------------------------------------------
[2023-05-26 12:35:01,683] {taskinstance.py:1377} INFO - Executing <Task(_PythonDecoratedOperator): job_integrate_ml_op> on 2023-05-26 16:29:16.772982+00:00
[2023-05-26 12:35:01,688] {standard_task_runner.py:52} INFO - Started process 12413 to run task
[2023-05-26 12:35:01,694] {standard_task_runner.py:79} INFO - Running: ['airflow', 'tasks', 'run', 'flow_riskthinking_stock_market', 'job_integrate_ml_op', 'manual__2023-05-26T16:29:16.772982+00:00', '--job-id', '1171', '--raw', '--subdir', 'DAGS_FOLDER/riskthinking/flows/flow_riskthinking_stock_market.py', '--cfg-path', '/tmp/tmpyqck74dq', '--error-file', '/tmp/tmprx3b8vat']
[2023-05-26 12:35:01,695] {standard_task_runner.py:80} INFO - Job 1171: Subtask job_integrate_ml_op
[2023-05-26 12:35:02,331] {task_command.py:370} INFO - Running <TaskInstance: flow_riskthinking_stock_market.job_integrate_ml_op manual__2023-05-26T16:29:16.772982+00:00 [running]> on host LAPTOP-SL60EDSS.localdomain
[2023-05-26 12:35:02,990] {taskinstance.py:1569} INFO - Exporting the following env vars:
AIRFLOW_CTX_DAG_OWNER=Pedro Duque
AIRFLOW_CTX_DAG_ID=flow_riskthinking_stock_market
AIRFLOW_CTX_TASK_ID=job_integrate_ml_op
AIRFLOW_CTX_EXECUTION_DATE=2023-05-26T16:29:16.772982+00:00
AIRFLOW_CTX_TRY_NUMBER=1
AIRFLOW_CTX_DAG_RUN_ID=manual__2023-05-26T16:29:16.772982+00:00
[2023-05-26 13:01:37,314] {python.py:173} INFO - Done. Returned value was: {'Status Model': {'Path': 'data/model/stock_market/stock_market.pkl', 'status': True}, 'Status Log': {'Path': 'data/model/stock_market/log_stock_market.json', 'status': True}}
[2023-05-26 13:01:37,868] {taskinstance.py:1395} INFO - Marking task as SUCCESS. dag_id=flow_riskthinking_stock_market, task_id=job_integrate_ml_op, execution_date=20230526T162916, start_date=20230526T163501, end_date=20230526T170137
[2023-05-26 13:01:39,037] {local_task_job.py:156} INFO - Task exited with return code 0
[2023-05-26 13:01:39,056] {local_task_job.py:273} INFO - 0 downstream tasks scheduled from follow-on schedule check

